<?xml version="1.0" encoding="utf-8"?>
<test-run id="2" duration="33.408" testcasecount="3" total="3" passed="1" failed="2" skipped="0" result="Failed" start-time="2018-08-22T 00:46:07Z" end-time="2018-08-22T 00:46:42Z">
  <test-suite type="Assembly" name="SelQA.dll" fullname="C:\Users\User\CareerDevs\TestDrivenDev\SelQA\bin\Debug\netcoreapp2.0\SelQA.dll" total="3" passed="1" failed="2" skipped="0" duration="33.408" errors="0" result="Failed">
    <errors />
    <test-suite type="TestFixture" name="HandleMultipleWindows" fullname="SelQA.HandleMultipleWindows" total="1" passed="1" failed="0" skipped="0" result="Passed" duration="33.231">
      <test-case name="TestWindows" fullname="SelQA.HandleMultipleWindows.TestWindows" result="Passed" duration="33.231" asserts="0" />
    </test-suite>
    <test-suite type="TestFixture" name="UnitTest1" fullname="SelQA.UnitTest1" total="2" passed="0" failed="2" skipped="0" result="Failed" duration="0.177">
      <test-case name="isAlertPresent" fullname="SelQA.UnitTest1.isAlertPresent" result="Failed" duration="0.001" asserts="0">
        <failure>
          <message>Method has non-void return value, but no result is expected</message>
          <stack-trace />
        </failure>
      </test-case>
      <test-case name="SelQuestionsA" fullname="SelQA.UnitTest1.SelQuestionsA" result="Failed" duration="0.176" asserts="0">
        <failure>
          <message>OpenQA.Selenium.DriverServiceNotFoundException : The geckodriver.exe file does not exist in the current directory or in a directory on the PATH environment variable. The driver can be downloaded at https://github.com/mozilla/geckodriver/releases.</message>
          <stack-trace>   at OpenQA.Selenium.DriverService.FindDriverServiceExecutable(String executableName, Uri downloadUrl)
   at OpenQA.Selenium.Firefox.FirefoxDriverService.CreateDefaultService()
   at OpenQA.Selenium.Firefox.FirefoxDriver..ctor(FirefoxOptions options)
   at SelQA.UnitTest1.SelQuestionsA() in C:\Users\User\CareerDevs\TestDrivenDev\SelQA\UnitTest1.cs:line 34</stack-trace>
        </failure>
      </test-case>
    </test-suite>
  </test-suite>
</test-run>